----- ERROR -----
Time: 2025-05-17 05:03:47Z
Message: E:\Repo\KNC\Views\Shared\_Layout.cshtml(51): error CS0103: The name 'media' does not exist in the current context
Source: System.Web
StackTrace:    at System.Web.Compilation.AssemblyBuilder.Compile()
   at System.Web.Compilation.BuildProvidersCompiler.PerformBuild()
   at System.Web.Compilation.BuildManager.CompileWebFile(VirtualPath virtualPath)
   at System.Web.Compilation.BuildManager.GetVPathBuildResultInternal(VirtualPath virtualPath, Boolean noBuild, Boolean allowCrossApp, Boolean allowBuildInPrecompile, Boolean throwIfNotFound, Boolean ensureIsUpToDate)
   at System.Web.Compilation.BuildManager.GetVPathBuildResultWithNoAssert(HttpContext context, VirtualPath virtualPath, Boolean noBuild, Boolean allowCrossApp, Boolean allowBuildInPrecompile, Boolean throwIfNotFound, Boolean ensureIsUpToDate)
   at System.Web.Compilation.BuildManager.GetVirtualPathObjectFactory(VirtualPath virtualPath, HttpContext context, Boolean allowCrossApp, Boolean throwIfNotFound)
   at System.Web.Compilation.BuildManager.CreateInstanceFromVirtualPath(VirtualPath virtualPath, Type requiredBaseType, HttpContext context, Boolean allowCrossApp)
   at System.Web.WebPages.BuildManagerWrapper.CreateInstanceOfType[T](String virtualPath)
   at System.Web.WebPages.VirtualPathFactoryManager.CreateInstanceOfType[T](String virtualPath)
   at System.Web.WebPages.WebPageBase.CreatePageFromVirtualPath(String virtualPath, HttpContextBase httpContext, Func`2 virtualPathExists, DisplayModeProvider displayModeProvider, IDisplayMode displayMode)
   at System.Web.WebPages.WebPageBase.<>c__DisplayClass40_0.<RenderPageCore>b__0(TextWriter writer)
   at System.Web.WebPages.WebPageBase.Write(HelperResult result)
   at System.Web.WebPages.WebPageBase.RenderSurrounding(String partialViewName, Action`1 body)
   at System.Web.WebPages.WebPageBase.PopContext()
   at System.Web.Mvc.ViewResultBase.ExecuteResult(ControllerContext context)
   at System.Web.Mvc.Async.AsyncControllerActionInvoker.<>c__DisplayClass3_1.<BeginInvokeAction>b__1(IAsyncResult asyncResult)
   at System.Web.Mvc.Async.AsyncControllerActionInvoker.EndInvokeAction(IAsyncResult asyncResult)
   at System.Web.Mvc.Controller.<>c.<BeginExecuteCore>b__152_1(IAsyncResult asyncResult, ExecuteCoreState innerState)
   at System.Web.Mvc.Async.AsyncResultWrapper.WrappedAsyncVoid`1.CallEndDelegate(IAsyncResult asyncResult)
   at System.Web.Mvc.Controller.EndExecuteCore(IAsyncResult asyncResult)
   at System.Web.Mvc.Async.AsyncResultWrapper.WrappedAsyncVoid`1.CallEndDelegate(IAsyncResult asyncResult)
   at System.Web.Mvc.Controller.EndExecute(IAsyncResult asyncResult)
   at System.Web.Mvc.MvcHandler.<>c.<BeginProcessRequest>b__20_1(IAsyncResult asyncResult, ProcessRequestState innerState)
   at System.Web.Mvc.Async.AsyncResultWrapper.WrappedAsyncVoid`1.CallEndDelegate(IAsyncResult asyncResult)
   at System.Web.Mvc.MvcHandler.EndProcessRequest(IAsyncResult asyncResult)
   at System.Web.HttpApplication.CallHandlerExecutionStep.System.Web.HttpApplication.IExecutionStep.Execute()
   at System.Web.HttpApplication.ExecuteStepImpl(IExecutionStep step)
   at System.Web.HttpApplication.ExecuteStep(IExecutionStep step, Boolean& completedSynchronously)
-----------------

----- ERROR -----
Time: 2025-05-17 06:11:33Z
Message: The controller for path '/Program' was not found or does not implement IController.
Source: System.Web.Mvc
StackTrace:    at System.Web.Mvc.DefaultControllerFactory.GetControllerInstance(RequestContext requestContext, Type controllerType)
   at System.Web.Mvc.MvcHandler.ProcessRequestInit(HttpContextBase httpContext, IController& controller, IControllerFactory& factory)
   at System.Web.Mvc.MvcHandler.BeginProcessRequest(HttpContextBase httpContext, AsyncCallback callback, Object state)
   at System.Web.HttpApplication.CallHandlerExecutionStep.System.Web.HttpApplication.IExecutionStep.Execute()
   at System.Web.HttpApplication.ExecuteStepImpl(IExecutionStep step)
   at System.Web.HttpApplication.ExecuteStep(IExecutionStep step, Boolean& completedSynchronously)
-----------------

----- ERROR -----
Time: 2025-05-17 06:13:47Z
Message: The controller for path '/Program' was not found or does not implement IController.
Source: System.Web.Mvc
StackTrace:    at System.Web.Mvc.DefaultControllerFactory.GetControllerInstance(RequestContext requestContext, Type controllerType)
   at System.Web.Mvc.MvcHandler.ProcessRequestInit(HttpContextBase httpContext, IController& controller, IControllerFactory& factory)
   at System.Web.Mvc.MvcHandler.BeginProcessRequest(HttpContextBase httpContext, AsyncCallback callback, Object state)
   at System.Web.HttpApplication.CallHandlerExecutionStep.System.Web.HttpApplication.IExecutionStep.Execute()
   at System.Web.HttpApplication.ExecuteStepImpl(IExecutionStep step)
   at System.Web.HttpApplication.ExecuteStep(IExecutionStep step, Boolean& completedSynchronously)
-----------------

----- ERROR -----
Time: 2025-05-18 04:04:50Z
Message: An error occurred when trying to create a controller of type 'KNC.Controllers.DashboardController'. Make sure that the controller has a parameterless public constructor.
Source: System.Web.Mvc
StackTrace:    at System.Web.Mvc.DefaultControllerFactory.DefaultControllerActivator.Create(RequestContext requestContext, Type controllerType)
   at System.Web.Mvc.MvcHandler.ProcessRequestInit(HttpContextBase httpContext, IController& controller, IControllerFactory& factory)
   at System.Web.Mvc.MvcHandler.BeginProcessRequest(HttpContextBase httpContext, AsyncCallback callback, Object state)
   at System.Web.HttpApplication.CallHandlerExecutionStep.System.Web.HttpApplication.IExecutionStep.Execute()
   at System.Web.HttpApplication.ExecuteStepImpl(IExecutionStep step)
   at System.Web.HttpApplication.ExecuteStep(IExecutionStep step, Boolean& completedSynchronously)
InnerException: Could not load file or assembly 'System.Runtime.CompilerServices.Unsafe, Version=4.0.5.0, Culture=neutral, PublicKeyToken=b03f5f7f11d50a3a' or one of its dependencies. The located assembly's manifest definition does not match the assembly reference. (Exception from HRESULT: 0x80131040)
Inner StackTrace:    at Unity.Builder.BuilderContext.Resolve(Type type, String name, InternalRegistration registration)
   at Unity.Builder.BuilderContext.Resolve(Type type, String name) in C:\projects\container\src\Builder\Context\BuilderContext.cs:line 67
   at Unity.Builder.BuilderContext.Resolve(ParameterInfo parameter, Object value) in C:\projects\container\src\Builder\Context\BuilderContext.cs:line 217
   at Unity.Processors.ConstructorProcessor.<>c__DisplayClass16_0.<GetResolverDelegate>b__0(BuilderContext& c) in C:\projects\container\src\Processors\Constructor\ConstructorResolution.cs:line 77
   at Unity.Processors.MemberProcessor`2.<>c__DisplayClass8_0.<GetResolver>b__0(BuilderContext& c) in C:\projects\container\src\Processors\Abstracts\MemberProcessor.cs:line 162
   at Unity.Processors.MemberProcessor`2.<>c__DisplayClass8_0.<GetResolver>b__0(BuilderContext& c) in C:\projects\container\src\Processors\Abstracts\MemberProcessor.cs:line 162
   at Unity.Processors.MemberProcessor`2.<>c__DisplayClass8_0.<GetResolver>b__0(BuilderContext& c) in C:\projects\container\src\Processors\Abstracts\MemberProcessor.cs:line 162
   at Unity.Strategies.BuildPlanStrategy.PreBuildUp(BuilderContext& context) in C:\projects\container\src\Strategies\BuildPlanStrategy.cs:line 80
   at Unity.UnityContainer.<>c.<.ctor>b__73_1(BuilderContext& context) in C:\projects\container\src\UnityContainer.Resolution.cs:line 363
   at Unity.UnityContainer.Unity.IUnityContainer.Resolve(Type type, String name, ResolverOverride[] overrides) in C:\projects\container\src\UnityContainer.IUnityContainer.cs:line 244
   at System.Web.Mvc.DefaultControllerFactory.DefaultControllerActivator.Create(RequestContext requestContext, Type controllerType)
-----------------

----- ERROR -----
Time: 2025-05-18 04:05:52Z
Message: An error occurred when trying to create a controller of type 'KNC.Controllers.DashboardController'. Make sure that the controller has a parameterless public constructor.
Source: System.Web.Mvc
StackTrace:    at System.Web.Mvc.DefaultControllerFactory.DefaultControllerActivator.Create(RequestContext requestContext, Type controllerType)
   at System.Web.Mvc.MvcHandler.ProcessRequestInit(HttpContextBase httpContext, IController& controller, IControllerFactory& factory)
   at System.Web.Mvc.MvcHandler.BeginProcessRequest(HttpContextBase httpContext, AsyncCallback callback, Object state)
   at System.Web.HttpApplication.CallHandlerExecutionStep.System.Web.HttpApplication.IExecutionStep.Execute()
   at System.Web.HttpApplication.ExecuteStepImpl(IExecutionStep step)
   at System.Web.HttpApplication.ExecuteStep(IExecutionStep step, Boolean& completedSynchronously)
InnerException: Could not load file or assembly 'System.Runtime.CompilerServices.Unsafe, Version=4.0.5.0, Culture=neutral, PublicKeyToken=b03f5f7f11d50a3a' or one of its dependencies. The located assembly's manifest definition does not match the assembly reference. (Exception from HRESULT: 0x80131040)
Inner StackTrace:    at Unity.Builder.BuilderContext.Resolve(Type type, String name, InternalRegistration registration)
   at Unity.Builder.BuilderContext.Resolve(Type type, String name) in C:\projects\container\src\Builder\Context\BuilderContext.cs:line 67
   at Unity.Builder.BuilderContext.Resolve(ParameterInfo parameter, Object value) in C:\projects\container\src\Builder\Context\BuilderContext.cs:line 217
   at Unity.Processors.ConstructorProcessor.<>c__DisplayClass16_0.<GetResolverDelegate>b__0(BuilderContext& c) in C:\projects\container\src\Processors\Constructor\ConstructorResolution.cs:line 77
   at Unity.Processors.MemberProcessor`2.<>c__DisplayClass8_0.<GetResolver>b__0(BuilderContext& c) in C:\projects\container\src\Processors\Abstracts\MemberProcessor.cs:line 162
   at Unity.Processors.MemberProcessor`2.<>c__DisplayClass8_0.<GetResolver>b__0(BuilderContext& c) in C:\projects\container\src\Processors\Abstracts\MemberProcessor.cs:line 162
   at Unity.Processors.MemberProcessor`2.<>c__DisplayClass8_0.<GetResolver>b__0(BuilderContext& c) in C:\projects\container\src\Processors\Abstracts\MemberProcessor.cs:line 162
   at Unity.Strategies.BuildPlanStrategy.PreBuildUp(BuilderContext& context) in C:\projects\container\src\Strategies\BuildPlanStrategy.cs:line 80
   at Unity.UnityContainer.<>c.<.ctor>b__73_1(BuilderContext& context) in C:\projects\container\src\UnityContainer.Resolution.cs:line 363
   at Unity.UnityContainer.Unity.IUnityContainer.Resolve(Type type, String name, ResolverOverride[] overrides) in C:\projects\container\src\UnityContainer.IUnityContainer.cs:line 244
   at System.Web.Mvc.DefaultControllerFactory.DefaultControllerActivator.Create(RequestContext requestContext, Type controllerType)
-----------------

----- ERROR -----
Time: 2025-05-18 04:15:19Z
Message: An error occurred when trying to create a controller of type 'KNC.Controllers.DashboardController'. Make sure that the controller has a parameterless public constructor.
Source: System.Web.Mvc
StackTrace:    at System.Web.Mvc.DefaultControllerFactory.DefaultControllerActivator.Create(RequestContext requestContext, Type controllerType)
   at System.Web.Mvc.MvcHandler.ProcessRequestInit(HttpContextBase httpContext, IController& controller, IControllerFactory& factory)
   at System.Web.Mvc.MvcHandler.BeginProcessRequest(HttpContextBase httpContext, AsyncCallback callback, Object state)
   at System.Web.HttpApplication.CallHandlerExecutionStep.System.Web.HttpApplication.IExecutionStep.Execute()
   at System.Web.HttpApplication.ExecuteStepImpl(IExecutionStep step)
   at System.Web.HttpApplication.ExecuteStep(IExecutionStep step, Boolean& completedSynchronously)
InnerException: Could not load file or assembly 'System.Runtime.CompilerServices.Unsafe, Version=4.0.5.0, Culture=neutral, PublicKeyToken=b03f5f7f11d50a3a' or one of its dependencies. The located assembly's manifest definition does not match the assembly reference. (Exception from HRESULT: 0x80131040)
Inner StackTrace:    at Unity.Builder.BuilderContext.Resolve(Type type, String name, InternalRegistration registration)
   at Unity.Builder.BuilderContext.Resolve(Type type, String name) in C:\projects\container\src\Builder\Context\BuilderContext.cs:line 67
   at Unity.Builder.BuilderContext.Resolve(ParameterInfo parameter, Object value) in C:\projects\container\src\Builder\Context\BuilderContext.cs:line 217
   at Unity.Processors.ConstructorProcessor.<>c__DisplayClass16_0.<GetResolverDelegate>b__0(BuilderContext& c) in C:\projects\container\src\Processors\Constructor\ConstructorResolution.cs:line 77
   at Unity.Processors.MemberProcessor`2.<>c__DisplayClass8_0.<GetResolver>b__0(BuilderContext& c) in C:\projects\container\src\Processors\Abstracts\MemberProcessor.cs:line 162
   at Unity.Processors.MemberProcessor`2.<>c__DisplayClass8_0.<GetResolver>b__0(BuilderContext& c) in C:\projects\container\src\Processors\Abstracts\MemberProcessor.cs:line 162
   at Unity.Processors.MemberProcessor`2.<>c__DisplayClass8_0.<GetResolver>b__0(BuilderContext& c) in C:\projects\container\src\Processors\Abstracts\MemberProcessor.cs:line 162
   at Unity.Strategies.BuildPlanStrategy.PreBuildUp(BuilderContext& context) in C:\projects\container\src\Strategies\BuildPlanStrategy.cs:line 80
   at Unity.UnityContainer.<>c.<.ctor>b__73_1(BuilderContext& context) in C:\projects\container\src\UnityContainer.Resolution.cs:line 363
   at Unity.UnityContainer.Unity.IUnityContainer.Resolve(Type type, String name, ResolverOverride[] overrides) in C:\projects\container\src\UnityContainer.IUnityContainer.cs:line 244
   at System.Web.Mvc.DefaultControllerFactory.DefaultControllerActivator.Create(RequestContext requestContext, Type controllerType)
-----------------

----- ERROR -----
Time: 2025-05-18 04:18:16Z
Message: An error occurred when trying to create a controller of type 'KNC.Controllers.DashboardController'. Make sure that the controller has a parameterless public constructor.
Source: System.Web.Mvc
StackTrace:    at System.Web.Mvc.DefaultControllerFactory.DefaultControllerActivator.Create(RequestContext requestContext, Type controllerType)
   at System.Web.Mvc.MvcHandler.ProcessRequestInit(HttpContextBase httpContext, IController& controller, IControllerFactory& factory)
   at System.Web.Mvc.MvcHandler.BeginProcessRequest(HttpContextBase httpContext, AsyncCallback callback, Object state)
   at System.Web.HttpApplication.CallHandlerExecutionStep.System.Web.HttpApplication.IExecutionStep.Execute()
   at System.Web.HttpApplication.ExecuteStepImpl(IExecutionStep step)
   at System.Web.HttpApplication.ExecuteStep(IExecutionStep step, Boolean& completedSynchronously)
InnerException: Could not load file or assembly 'System.Runtime.CompilerServices.Unsafe, Version=4.0.5.0, Culture=neutral, PublicKeyToken=b03f5f7f11d50a3a' or one of its dependencies. The located assembly's manifest definition does not match the assembly reference. (Exception from HRESULT: 0x80131040)
Inner StackTrace:    at Unity.Builder.BuilderContext.Resolve(Type type, String name, InternalRegistration registration)
   at Unity.Builder.BuilderContext.Resolve(Type type, String name) in C:\projects\container\src\Builder\Context\BuilderContext.cs:line 67
   at Unity.Builder.BuilderContext.Resolve(ParameterInfo parameter, Object value) in C:\projects\container\src\Builder\Context\BuilderContext.cs:line 217
   at Unity.Processors.ConstructorProcessor.<>c__DisplayClass16_0.<GetResolverDelegate>b__0(BuilderContext& c) in C:\projects\container\src\Processors\Constructor\ConstructorResolution.cs:line 77
   at Unity.Processors.MemberProcessor`2.<>c__DisplayClass8_0.<GetResolver>b__0(BuilderContext& c) in C:\projects\container\src\Processors\Abstracts\MemberProcessor.cs:line 162
   at Unity.Processors.MemberProcessor`2.<>c__DisplayClass8_0.<GetResolver>b__0(BuilderContext& c) in C:\projects\container\src\Processors\Abstracts\MemberProcessor.cs:line 162
   at Unity.Processors.MemberProcessor`2.<>c__DisplayClass8_0.<GetResolver>b__0(BuilderContext& c) in C:\projects\container\src\Processors\Abstracts\MemberProcessor.cs:line 162
   at Unity.Strategies.BuildPlanStrategy.PreBuildUp(BuilderContext& context) in C:\projects\container\src\Strategies\BuildPlanStrategy.cs:line 80
   at Unity.UnityContainer.<>c.<.ctor>b__73_1(BuilderContext& context) in C:\projects\container\src\UnityContainer.Resolution.cs:line 363
   at Unity.UnityContainer.Unity.IUnityContainer.Resolve(Type type, String name, ResolverOverride[] overrides) in C:\projects\container\src\UnityContainer.IUnityContainer.cs:line 244
   at System.Web.Mvc.DefaultControllerFactory.DefaultControllerActivator.Create(RequestContext requestContext, Type controllerType)
-----------------

----- ERROR -----
Time: 2025-05-18 04:19:39Z
Message: An error occurred when trying to create a controller of type 'KNC.Controllers.DashboardController'. Make sure that the controller has a parameterless public constructor.
Source: System.Web.Mvc
StackTrace:    at System.Web.Mvc.DefaultControllerFactory.DefaultControllerActivator.Create(RequestContext requestContext, Type controllerType)
   at System.Web.Mvc.MvcHandler.ProcessRequestInit(HttpContextBase httpContext, IController& controller, IControllerFactory& factory)
   at System.Web.Mvc.MvcHandler.BeginProcessRequest(HttpContextBase httpContext, AsyncCallback callback, Object state)
   at System.Web.HttpApplication.CallHandlerExecutionStep.System.Web.HttpApplication.IExecutionStep.Execute()
   at System.Web.HttpApplication.ExecuteStepImpl(IExecutionStep step)
   at System.Web.HttpApplication.ExecuteStep(IExecutionStep step, Boolean& completedSynchronously)
InnerException: Could not load file or assembly 'System.Runtime.CompilerServices.Unsafe, Version=4.0.5.0, Culture=neutral, PublicKeyToken=b03f5f7f11d50a3a' or one of its dependencies. The located assembly's manifest definition does not match the assembly reference. (Exception from HRESULT: 0x80131040)
Inner StackTrace:    at Unity.Builder.BuilderContext.Resolve(Type type, String name, InternalRegistration registration)
   at Unity.Builder.BuilderContext.Resolve(Type type, String name) in C:\projects\container\src\Builder\Context\BuilderContext.cs:line 67
   at Unity.Builder.BuilderContext.Resolve(ParameterInfo parameter, Object value) in C:\projects\container\src\Builder\Context\BuilderContext.cs:line 217
   at Unity.Processors.ConstructorProcessor.<>c__DisplayClass16_0.<GetResolverDelegate>b__0(BuilderContext& c) in C:\projects\container\src\Processors\Constructor\ConstructorResolution.cs:line 77
   at Unity.Processors.MemberProcessor`2.<>c__DisplayClass8_0.<GetResolver>b__0(BuilderContext& c) in C:\projects\container\src\Processors\Abstracts\MemberProcessor.cs:line 162
   at Unity.Processors.MemberProcessor`2.<>c__DisplayClass8_0.<GetResolver>b__0(BuilderContext& c) in C:\projects\container\src\Processors\Abstracts\MemberProcessor.cs:line 162
   at Unity.Processors.MemberProcessor`2.<>c__DisplayClass8_0.<GetResolver>b__0(BuilderContext& c) in C:\projects\container\src\Processors\Abstracts\MemberProcessor.cs:line 162
   at Unity.Strategies.BuildPlanStrategy.PreBuildUp(BuilderContext& context) in C:\projects\container\src\Strategies\BuildPlanStrategy.cs:line 80
   at Unity.UnityContainer.<>c.<.ctor>b__73_1(BuilderContext& context) in C:\projects\container\src\UnityContainer.Resolution.cs:line 363
   at Unity.UnityContainer.Unity.IUnityContainer.Resolve(Type type, String name, ResolverOverride[] overrides) in C:\projects\container\src\UnityContainer.IUnityContainer.cs:line 244
   at System.Web.Mvc.DefaultControllerFactory.DefaultControllerActivator.Create(RequestContext requestContext, Type controllerType)
-----------------

----- ERROR -----
Time: 2025-05-18 04:22:18Z
Message: An error occurred when trying to create a controller of type 'KNC.Controllers.StudentController'. Make sure that the controller has a parameterless public constructor.
Source: System.Web.Mvc
StackTrace:    at System.Web.Mvc.DefaultControllerFactory.DefaultControllerActivator.Create(RequestContext requestContext, Type controllerType)
   at System.Web.Mvc.MvcHandler.ProcessRequestInit(HttpContextBase httpContext, IController& controller, IControllerFactory& factory)
   at System.Web.Mvc.MvcHandler.BeginProcessRequest(HttpContextBase httpContext, AsyncCallback callback, Object state)
   at System.Web.HttpApplication.CallHandlerExecutionStep.System.Web.HttpApplication.IExecutionStep.Execute()
   at System.Web.HttpApplication.ExecuteStepImpl(IExecutionStep step)
   at System.Web.HttpApplication.ExecuteStep(IExecutionStep step, Boolean& completedSynchronously)
InnerException: Could not load file or assembly 'System.Runtime.CompilerServices.Unsafe, Version=4.0.5.0, Culture=neutral, PublicKeyToken=b03f5f7f11d50a3a' or one of its dependencies. The located assembly's manifest definition does not match the assembly reference. (Exception from HRESULT: 0x80131040)
Inner StackTrace:    at Unity.Builder.BuilderContext.Resolve(Type type, String name, InternalRegistration registration)
   at Unity.Builder.BuilderContext.Resolve(Type type, String name) in C:\projects\container\src\Builder\Context\BuilderContext.cs:line 67
   at Unity.Builder.BuilderContext.Resolve(ParameterInfo parameter, Object value) in C:\projects\container\src\Builder\Context\BuilderContext.cs:line 217
   at Unity.Processors.ConstructorProcessor.<>c__DisplayClass16_0.<GetResolverDelegate>b__0(BuilderContext& c) in C:\projects\container\src\Processors\Constructor\ConstructorResolution.cs:line 77
   at Unity.Processors.MemberProcessor`2.<>c__DisplayClass8_0.<GetResolver>b__0(BuilderContext& c) in C:\projects\container\src\Processors\Abstracts\MemberProcessor.cs:line 162
   at Unity.Processors.MemberProcessor`2.<>c__DisplayClass8_0.<GetResolver>b__0(BuilderContext& c) in C:\projects\container\src\Processors\Abstracts\MemberProcessor.cs:line 162
   at Unity.Processors.MemberProcessor`2.<>c__DisplayClass8_0.<GetResolver>b__0(BuilderContext& c) in C:\projects\container\src\Processors\Abstracts\MemberProcessor.cs:line 162
   at Unity.Strategies.BuildPlanStrategy.PreBuildUp(BuilderContext& context) in C:\projects\container\src\Strategies\BuildPlanStrategy.cs:line 80
   at Unity.UnityContainer.<>c.<.ctor>b__73_1(BuilderContext& context) in C:\projects\container\src\UnityContainer.Resolution.cs:line 363
   at Unity.UnityContainer.Unity.IUnityContainer.Resolve(Type type, String name, ResolverOverride[] overrides) in C:\projects\container\src\UnityContainer.IUnityContainer.cs:line 244
   at System.Web.Mvc.DefaultControllerFactory.DefaultControllerActivator.Create(RequestContext requestContext, Type controllerType)
-----------------

----- ERROR -----
Time: 2025-05-18 04:22:51Z
Message: An error occurred when trying to create a controller of type 'KNC.Controllers.StudentController'. Make sure that the controller has a parameterless public constructor.
Source: System.Web.Mvc
StackTrace:    at System.Web.Mvc.DefaultControllerFactory.DefaultControllerActivator.Create(RequestContext requestContext, Type controllerType)
   at System.Web.Mvc.MvcHandler.ProcessRequestInit(HttpContextBase httpContext, IController& controller, IControllerFactory& factory)
   at System.Web.Mvc.MvcHandler.BeginProcessRequest(HttpContextBase httpContext, AsyncCallback callback, Object state)
   at System.Web.HttpApplication.CallHandlerExecutionStep.System.Web.HttpApplication.IExecutionStep.Execute()
   at System.Web.HttpApplication.ExecuteStepImpl(IExecutionStep step)
   at System.Web.HttpApplication.ExecuteStep(IExecutionStep step, Boolean& completedSynchronously)
InnerException: Could not load file or assembly 'System.Runtime.CompilerServices.Unsafe, Version=4.0.5.0, Culture=neutral, PublicKeyToken=b03f5f7f11d50a3a' or one of its dependencies. The located assembly's manifest definition does not match the assembly reference. (Exception from HRESULT: 0x80131040)
Inner StackTrace:    at Unity.Builder.BuilderContext.Resolve(Type type, String name, InternalRegistration registration)
   at Unity.Builder.BuilderContext.Resolve(Type type, String name) in C:\projects\container\src\Builder\Context\BuilderContext.cs:line 67
   at Unity.Builder.BuilderContext.Resolve(ParameterInfo parameter, Object value) in C:\projects\container\src\Builder\Context\BuilderContext.cs:line 217
   at Unity.Processors.ConstructorProcessor.<>c__DisplayClass16_0.<GetResolverDelegate>b__0(BuilderContext& c) in C:\projects\container\src\Processors\Constructor\ConstructorResolution.cs:line 77
   at Unity.Processors.MemberProcessor`2.<>c__DisplayClass8_0.<GetResolver>b__0(BuilderContext& c) in C:\projects\container\src\Processors\Abstracts\MemberProcessor.cs:line 162
   at Unity.Processors.MemberProcessor`2.<>c__DisplayClass8_0.<GetResolver>b__0(BuilderContext& c) in C:\projects\container\src\Processors\Abstracts\MemberProcessor.cs:line 162
   at Unity.Processors.MemberProcessor`2.<>c__DisplayClass8_0.<GetResolver>b__0(BuilderContext& c) in C:\projects\container\src\Processors\Abstracts\MemberProcessor.cs:line 162
   at Unity.Strategies.BuildPlanStrategy.PreBuildUp(BuilderContext& context) in C:\projects\container\src\Strategies\BuildPlanStrategy.cs:line 80
   at Unity.UnityContainer.<>c.<.ctor>b__73_1(BuilderContext& context) in C:\projects\container\src\UnityContainer.Resolution.cs:line 363
   at Unity.UnityContainer.Unity.IUnityContainer.Resolve(Type type, String name, ResolverOverride[] overrides) in C:\projects\container\src\UnityContainer.IUnityContainer.cs:line 244
   at System.Web.Mvc.DefaultControllerFactory.DefaultControllerActivator.Create(RequestContext requestContext, Type controllerType)
-----------------

